<?xml version="1.0" encoding="UTF-8"?>
<!-- Generated by org.testng.reporters.JUnitReportReporter -->
<testsuite skipped="0" hostname="DESKTOP-IRJFQUS" name="com.abt.tests.LoginTest" tests="1" failures="0" timestamp="10 Sep 2022 04:06:13 GMT" time="3.976" errors="0">
  <testcase name="TestLoginPage" time="3.976" classname="com.abt.tests.LoginTest"/>
</testsuite> <!-- com.abt.tests.LoginTest -->
